name: train
run_id: commands[0]
env COLUMNS: 135
env HOME: /home/ubuntu
env LANG: C.UTF-8
env LINES: 38
env PATH: /home/ubuntu/t5-empaquetamiento/package-src/.tox/test_package/bin:/home/ubuntu/env-tox/bin:/home/ubuntu/.local/bin:/usr/local/sbin:/usr/local/bin:/usr/sbin:/usr/bin:/sbin:/bin:/usr/games:/usr/local/games:/snap/bin
env PIP_DISABLE_PIP_VERSION_CHECK: 1
env PIP_USER: 0
env PYTHONHASHSEED: 0
env PYTHONIOENCODING: utf-8
env PYTHONPATH: .
env TERM: xterm-256color
env TOX_ENV_DIR: /home/ubuntu/t5-empaquetamiento/package-src/.tox/test_package
env TOX_ENV_NAME: train
env TOX_WORK_DIR: /home/ubuntu/t5-empaquetamiento/package-src/.tox
env VIRTUAL_ENV: /home/ubuntu/t5-empaquetamiento/package-src/.tox/test_package
metadata pid: 3873
cwd: /home/ubuntu/t5-empaquetamiento/package-src
allow: /home/ubuntu/t5-empaquetamiento/package-src/.tox/test_package/bin/*:train
cmd: python model/train_pipeline.py
exit_code: 0
